INFO - 2023-03-08 08:30:51 --> Session: Class initialized using 'CodeIgniter\Session\Handlers\FileHandler' driver.
CRITICAL - 2023-03-08 10:20:35 --> mysqli::__construct(): (HY000/2002): A connection attempt failed because the connected party did not properly respond after a period of time, or established connection failed because connected host has failed to respond.

in APPPATH\Views\pages\guests.php on line 12.
 1 [internal function]: CodeIgniter\Debug\Exceptions->errorHandler(2, 'mysqli::__construct(): (HY000/2002): A connection attempt failed because the connected party did not properly respond after a period of time, or established connection failed because connected host has failed to respond.
', 'APPPATH\\Views\\pages\\guests.php', 12, [...])
 2 APPPATH\Views\pages\guests.php(12): mysqli->__construct('192.168.150.213', 'webprogss211', 'fancyR!ce36', 'webprogss211')
 3 SYSTEMPATH\View\View.php(213): include('APPPATH\\Views\\pages\\guests.php')
 4 SYSTEMPATH\View\View.php(216): CodeIgniter\View\View->CodeIgniter\View\{closure}()
 5 SYSTEMPATH\Common.php(1177): CodeIgniter\View\View->render('pages/guests', [], true)
 6 APPPATH\Controllers\Pages.php(23): view('pages/guests')
 7 SYSTEMPATH\CodeIgniter.php(934): App\Controllers\Pages->view('guests')
 8 SYSTEMPATH\CodeIgniter.php(499): CodeIgniter\CodeIgniter->runController(Object(App\Controllers\Pages))
 9 SYSTEMPATH\CodeIgniter.php(368): CodeIgniter\CodeIgniter->handleRequest(null, Object(Config\Cache), false)
10 FCPATH\index.php(67): CodeIgniter\CodeIgniter->run()
CRITICAL - 2023-03-08 10:20:58 --> mysqli::__construct(): (HY000/2002): A connection attempt failed because the connected party did not properly respond after a period of time, or established connection failed because connected host has failed to respond.

in APPPATH\Views\pages\guests.php on line 12.
 1 [internal function]: CodeIgniter\Debug\Exceptions->errorHandler(2, 'mysqli::__construct(): (HY000/2002): A connection attempt failed because the connected party did not properly respond after a period of time, or established connection failed because connected host has failed to respond.
', 'APPPATH\\Views\\pages\\guests.php', 12, [...])
 2 APPPATH\Views\pages\guests.php(12): mysqli->__construct('192.168.150.213', 'webprogss211', 'fancyR!ce36', 'webprogss211')
 3 SYSTEMPATH\View\View.php(213): include('APPPATH\\Views\\pages\\guests.php')
 4 SYSTEMPATH\View\View.php(216): CodeIgniter\View\View->CodeIgniter\View\{closure}()
 5 SYSTEMPATH\Common.php(1177): CodeIgniter\View\View->render('pages/guests', [], true)
 6 APPPATH\Controllers\Pages.php(23): view('pages/guests')
 7 SYSTEMPATH\CodeIgniter.php(934): App\Controllers\Pages->view('guests')
 8 SYSTEMPATH\CodeIgniter.php(499): CodeIgniter\CodeIgniter->runController(Object(App\Controllers\Pages))
 9 SYSTEMPATH\CodeIgniter.php(368): CodeIgniter\CodeIgniter->handleRequest(null, Object(Config\Cache), false)
10 FCPATH\index.php(67): CodeIgniter\CodeIgniter->run()
CRITICAL - 2023-03-08 10:22:05 --> mysqli::__construct(): (HY000/2002): A connection attempt failed because the connected party did not properly respond after a period of time, or established connection failed because connected host has failed to respond.

in APPPATH\Views\pages\guests.php on line 12.
 1 [internal function]: CodeIgniter\Debug\Exceptions->errorHandler(2, 'mysqli::__construct(): (HY000/2002): A connection attempt failed because the connected party did not properly respond after a period of time, or established connection failed because connected host has failed to respond.
', 'APPPATH\\Views\\pages\\guests.php', 12, [...])
 2 APPPATH\Views\pages\guests.php(12): mysqli->__construct('192.168.150.213', 'webprogss211', 'fancyR!ce36', 'webprogss211')
 3 SYSTEMPATH\View\View.php(213): include('APPPATH\\Views\\pages\\guests.php')
 4 SYSTEMPATH\View\View.php(216): CodeIgniter\View\View->CodeIgniter\View\{closure}()
 5 SYSTEMPATH\Common.php(1177): CodeIgniter\View\View->render('pages/guests', [], true)
 6 APPPATH\Controllers\Pages.php(23): view('pages/guests')
 7 SYSTEMPATH\CodeIgniter.php(934): App\Controllers\Pages->view('guests')
 8 SYSTEMPATH\CodeIgniter.php(499): CodeIgniter\CodeIgniter->runController(Object(App\Controllers\Pages))
 9 SYSTEMPATH\CodeIgniter.php(368): CodeIgniter\CodeIgniter->handleRequest(null, Object(Config\Cache), false)
10 FCPATH\index.php(67): CodeIgniter\CodeIgniter->run()
CRITICAL - 2023-03-08 10:22:37 --> Trying to get property 'num_rows' of non-object
in APPPATH\Views\pages\guests.php on line 21.
 1 APPPATH\Views\pages\guests.php(21): CodeIgniter\Debug\Exceptions->errorHandler(8, 'Trying to get property \'num_rows\' of non-object', 'APPPATH\\Views\\pages\\guests.php', 21, [...])
 2 SYSTEMPATH\View\View.php(213): include('APPPATH\\Views\\pages\\guests.php')
 3 SYSTEMPATH\View\View.php(216): CodeIgniter\View\View->CodeIgniter\View\{closure}()
 4 SYSTEMPATH\Common.php(1177): CodeIgniter\View\View->render('pages/guests', [], true)
 5 APPPATH\Controllers\Pages.php(23): view('pages/guests')
 6 SYSTEMPATH\CodeIgniter.php(934): App\Controllers\Pages->view('guests')
 7 SYSTEMPATH\CodeIgniter.php(499): CodeIgniter\CodeIgniter->runController(Object(App\Controllers\Pages))
 8 SYSTEMPATH\CodeIgniter.php(368): CodeIgniter\CodeIgniter->handleRequest(null, Object(Config\Cache), false)
 9 FCPATH\index.php(67): CodeIgniter\CodeIgniter->run()
CRITICAL - 2023-03-08 10:44:04 --> syntax error, unexpected end of file, expecting function (T_FUNCTION) or const (T_CONST)
in APPPATH\Controllers\Guest.php on line 37.
 1 SYSTEMPATH\Autoloader\Autoloader.php(289): CodeIgniter\Autoloader\Autoloader->includeFile('APPPATH\\Controllers\\Guest.php')
 2 SYSTEMPATH\Autoloader\Autoloader.php(267): CodeIgniter\Autoloader\Autoloader->loadInNamespace('App\\Controllers\\Guest')
 3 [internal function]: CodeIgniter\Autoloader\Autoloader->loadClass('App\\Controllers\\Guest')
 4 [internal function]: spl_autoload_call('App\\Controllers\\Guest')
 5 SYSTEMPATH\CodeIgniter.php(892): class_exists('\\App\\Controllers\\Guest', true)
 6 SYSTEMPATH\CodeIgniter.php(486): CodeIgniter\CodeIgniter->startController()
 7 SYSTEMPATH\CodeIgniter.php(368): CodeIgniter\CodeIgniter->handleRequest(null, Object(Config\Cache), false)
 8 FCPATH\index.php(67): CodeIgniter\CodeIgniter->run()
CRITICAL - 2023-03-08 10:45:01 --> syntax error, unexpected end of file, expecting function (T_FUNCTION) or const (T_CONST)
in APPPATH\Controllers\Guest.php on line 60.
 1 SYSTEMPATH\Autoloader\Autoloader.php(289): CodeIgniter\Autoloader\Autoloader->includeFile('APPPATH\\Controllers\\Guest.php')
 2 SYSTEMPATH\Autoloader\Autoloader.php(267): CodeIgniter\Autoloader\Autoloader->loadInNamespace('App\\Controllers\\Guest')
 3 [internal function]: CodeIgniter\Autoloader\Autoloader->loadClass('App\\Controllers\\Guest')
 4 [internal function]: spl_autoload_call('App\\Controllers\\Guest')
 5 SYSTEMPATH\CodeIgniter.php(892): class_exists('\\App\\Controllers\\Guest', true)
 6 SYSTEMPATH\CodeIgniter.php(486): CodeIgniter\CodeIgniter->startController()
 7 SYSTEMPATH\CodeIgniter.php(368): CodeIgniter\CodeIgniter->handleRequest(null, Object(Config\Cache), false)
 8 FCPATH\index.php(67): CodeIgniter\CodeIgniter->run()
CRITICAL - 2023-03-08 10:46:44 --> syntax error, unexpected end of file, expecting function (T_FUNCTION) or const (T_CONST)
in APPPATH\Controllers\Guest.php on line 61.
 1 SYSTEMPATH\Autoloader\Autoloader.php(289): CodeIgniter\Autoloader\Autoloader->includeFile('APPPATH\\Controllers\\Guest.php')
 2 SYSTEMPATH\Autoloader\Autoloader.php(267): CodeIgniter\Autoloader\Autoloader->loadInNamespace('App\\Controllers\\Guest')
 3 [internal function]: CodeIgniter\Autoloader\Autoloader->loadClass('App\\Controllers\\Guest')
 4 [internal function]: spl_autoload_call('App\\Controllers\\Guest')
 5 SYSTEMPATH\CodeIgniter.php(892): class_exists('\\App\\Controllers\\Guest', true)
 6 SYSTEMPATH\CodeIgniter.php(486): CodeIgniter\CodeIgniter->startController()
 7 SYSTEMPATH\CodeIgniter.php(368): CodeIgniter\CodeIgniter->handleRequest(null, Object(Config\Cache), false)
 8 FCPATH\index.php(67): CodeIgniter\CodeIgniter->run()
INFO - 2023-03-08 10:46:53 --> Session: Class initialized using 'CodeIgniter\Session\Handlers\FileHandler' driver.
INFO - 2023-03-08 10:54:03 --> Session: Class initialized using 'CodeIgniter\Session\Handlers\FileHandler' driver.
INFO - 2023-03-08 10:54:18 --> CSRF token verified.
INFO - 2023-03-08 10:58:28 --> Session: Class initialized using 'CodeIgniter\Session\Handlers\FileHandler' driver.
